<?xml version="1.0" encoding="UTF-8"?>
<!-- Generated by org.testng.reporters.JUnitReportReporter -->
<testsuite hostname="nazmusnafis" failures="0" tests="3" name="CreateBooking" time="1.728" errors="0" timestamp="2025-06-25T23:30:46 CEST" skipped="0">
  <testcase classname="CreateBooking" name="createBooking" time="0.584"/>
  <testcase classname="CreateBooking" name="createBooking" time="0.576"/>
  <testcase classname="CreateBooking" name="createBooking" time="0.568"/>
</testsuite> <!-- CreateBooking -->
