<?xml version="1.0" encoding="UTF-8"?>
<!-- Generated by org.testng.reporters.JUnitReportReporter -->
<testsuite hostname="nazmusnafis" failures="0" tests="1" name="test.java.SecurityTestForGetBookingDetails" time="0.547" errors="0" timestamp="2025-06-26T00:04:41 CEST" skipped="0">
  <testcase classname="test.java.SecurityTestForGetBookingDetails" name="getBooking_XSSInjection_ShouldFail" time="0.547"/>
</testsuite> <!-- test.java.SecurityTestForGetBookingDetails -->
