<?xml version="1.0" encoding="UTF-8"?>
<!-- Generated by org.testng.reporters.JUnitReportReporter -->
<testsuite hostname="nazmusnafis" failures="0" tests="1" name="test.java.PartialUpdateBooking" time="1.660" errors="0" timestamp="2025-06-26T00:04:41 CEST" skipped="0">
  <testcase classname="test.java.PartialUpdateBooking" name="partialUpdateBooking" time="1.660"/>
</testsuite> <!-- test.java.PartialUpdateBooking -->
