<?xml version="1.0" encoding="UTF-8"?>
<!-- Generated by org.testng.reporters.JUnitReportReporter -->
<testsuite hostname="nazmusnafis" failures="0" tests="2" name="test.java.SecurityTestForDeleteBooking" time="1.086" errors="0" timestamp="2025-06-26T00:04:41 CEST" skipped="0">
  <testcase classname="test.java.SecurityTestForDeleteBooking" name="deleteBooking_XSSAttempt_ShouldNotSucceed" time="0.547"/>
  <testcase classname="test.java.SecurityTestForDeleteBooking" name="deleteBooking_InvalidToken_ShouldBeForbidden" time="0.539"/>
</testsuite> <!-- test.java.SecurityTestForDeleteBooking -->
