<?xml version="1.0" encoding="UTF-8"?>
<!-- Generated by org.testng.reporters.JUnitReportReporter -->
<testsuite hostname="nazmusnafis" failures="0" tests="1" name="GetBookingDetails" time="0.579" errors="0" timestamp="2025-06-25T23:30:46 CEST" skipped="0">
  <testcase classname="GetBookingDetails" name="getBookingDetails" time="0.579"/>
</testsuite> <!-- GetBookingDetails -->
