<?xml version="1.0" encoding="UTF-8"?>
<!-- Generated by org.testng.reporters.JUnitReportReporter -->
<testsuite hostname="nazmusnafis" failures="0" tests="1" name="test.java.GetToken" time="1.745" errors="0" timestamp="2025-06-26T00:04:41 CEST" skipped="0">
  <testcase classname="test.java.GetToken" name="createToken" time="1.745"/>
</testsuite> <!-- test.java.GetToken -->
