<?xml version="1.0" encoding="UTF-8"?>
<!-- Generated by org.testng.reporters.JUnitReportReporter -->
<testsuite hostname="nazmusnafis" failures="0" tests="2" name="NegativeTests.NegativeTestsForUpdateBooking" time="1.149" errors="0" timestamp="2025-06-25T23:30:46 CEST" skipped="0">
  <testcase classname="NegativeTests.NegativeTestsForUpdateBooking" name="partialUpdateWithoutToken" time="0.564"/>
  <testcase classname="NegativeTests.NegativeTestsForUpdateBooking" name="partialUpdateWithInvalidJson" time="0.585"/>
</testsuite> <!-- NegativeTests.NegativeTestsForUpdateBooking -->
