<?xml version="1.0" encoding="UTF-8"?>
<!-- Generated by org.testng.reporters.JUnitReportReporter -->
<testsuite hostname="nazmusnafis" failures="0" tests="1" name="GetBookingIDList" time="0.600" errors="0" timestamp="2025-06-25T23:30:46 CEST" skipped="0">
  <testcase classname="GetBookingIDList" name="getBookingIDs" time="0.600"/>
</testsuite> <!-- GetBookingIDList -->
