<?xml version="1.0" encoding="UTF-8"?>
<!-- Generated by org.testng.reporters.JUnitReportReporter -->
<testsuite hostname="nazmusnafis" failures="0" tests="3" name="test.java.CreateBooking" time="1.967" errors="0" timestamp="2025-06-26T00:04:41 CEST" skipped="0">
  <testcase classname="test.java.CreateBooking" name="createBooking" time="0.556"/>
  <testcase classname="test.java.CreateBooking" name="createBooking" time="0.544"/>
  <testcase classname="test.java.CreateBooking" name="createBooking" time="0.867"/>
</testsuite> <!-- test.java.CreateBooking -->
