<?xml version="1.0" encoding="UTF-8"?>
<!-- Generated by org.testng.reporters.JUnitReportReporter -->
<testsuite hostname="nazmusnafis" failures="0" tests="1" name="GetToken" time="0.559" errors="0" timestamp="2025-06-25T23:30:47 CEST" skipped="0">
  <testcase classname="GetToken" name="createToken" time="0.559"/>
</testsuite> <!-- GetToken -->
