<?xml version="1.0" encoding="UTF-8"?>
<!-- Generated by org.testng.reporters.JUnitReportReporter -->
<testsuite hostname="nazmusnafis" failures="0" tests="1" name="SecurityTests.SecurityTestForGetBookingDetails" time="0.560" errors="0" timestamp="2025-06-25T23:30:46 CEST" skipped="0">
  <testcase classname="SecurityTests.SecurityTestForGetBookingDetails" name="getBooking_XSSInjection_ShouldFail" time="0.560"/>
</testsuite> <!-- SecurityTests.SecurityTestForGetBookingDetails -->
