<?xml version="1.0" encoding="UTF-8"?>
<!-- Generated by org.testng.reporters.JUnitReportReporter -->
<testsuite hostname="nazmusnafis" failures="0" tests="2" name="SecurityTests.SecurityTestForDeleteBooking" time="1.128" errors="0" timestamp="2025-06-25T23:30:46 CEST" skipped="0">
  <testcase classname="SecurityTests.SecurityTestForDeleteBooking" name="deleteBooking_InvalidToken_ShouldBeForbidden" time="0.566"/>
  <testcase classname="SecurityTests.SecurityTestForDeleteBooking" name="deleteBooking_XSSAttempt_ShouldNotSucceed" time="0.562"/>
</testsuite> <!-- SecurityTests.SecurityTestForDeleteBooking -->
