<?xml version="1.0" encoding="UTF-8"?>
<!-- Generated by org.testng.reporters.JUnitReportReporter -->
<testsuite hostname="nazmusnafis" failures="0" tests="3" name="SecurityTests.SecurityTestsForGetToken" time="1.695" errors="0" timestamp="2025-06-25T23:30:47 CEST" skipped="0">
  <testcase classname="SecurityTests.SecurityTestsForGetToken" name="createToken_XSSInjection_ShouldBeHandled" time="0.562"/>
  <testcase classname="SecurityTests.SecurityTestsForGetToken" name="createToken_WithoutContentTypeHeader_ShouldFailGracefully" time="0.564"/>
  <testcase classname="SecurityTests.SecurityTestsForGetToken" name="createToken_SQLInjectionAttempt_ShouldFail" time="0.569"/>
</testsuite> <!-- SecurityTests.SecurityTestsForGetToken -->
