<?xml version="1.0" encoding="UTF-8"?>
<!-- Generated by org.testng.reporters.JUnitReportReporter -->
<testsuite hostname="nazmusnafis" failures="0" tests="3" name="NegativeTests.NegativeTestsForCreateToken" time="2.791" errors="0" timestamp="2025-06-25T23:30:46 CEST" skipped="0">
  <testcase classname="NegativeTests.NegativeTestsForCreateToken" name="createToken_MissingPassword_ShouldReturnError" time="0.565"/>
  <testcase classname="NegativeTests.NegativeTestsForCreateToken" name="createToken_InvalidUsername_ShouldReturn403" time="0.589"/>
  <testcase classname="NegativeTests.NegativeTestsForCreateToken" name="createToken_InvalidPassword_ShouldFail" time="1.637"/>
</testsuite> <!-- NegativeTests.NegativeTestsForCreateToken -->
