<?xml version="1.0" encoding="UTF-8"?>
<!-- Generated by org.testng.reporters.JUnitReportReporter -->
<testsuite hostname="nazmusnafis" failures="0" tests="3" name="test.java.SecurityTestsForGetToken" time="1.627" errors="0" timestamp="2025-06-26T00:04:41 CEST" skipped="0">
  <testcase classname="test.java.SecurityTestsForGetToken" name="createToken_WithoutContentTypeHeader_ShouldFailGracefully" time="0.543"/>
  <testcase classname="test.java.SecurityTestsForGetToken" name="createToken_XSSInjection_ShouldBeHandled" time="0.543"/>
  <testcase classname="test.java.SecurityTestsForGetToken" name="createToken_SQLInjectionAttempt_ShouldFail" time="0.541"/>
</testsuite> <!-- test.java.SecurityTestsForGetToken -->
