<?xml version="1.0" encoding="UTF-8"?>
<!-- Generated by org.testng.reporters.JUnitReportReporter -->
<testsuite hostname="nazmusnafis" failures="0" tests="2" name="NegativeTests.NegativeTestForGetBookingDetails" time="1.130" errors="0" timestamp="2025-06-25T23:30:46 CEST" skipped="0">
  <testcase classname="NegativeTests.NegativeTestForGetBookingDetails" name="getBooking_InvalidIdFormat_ShouldReturn404" time="0.564"/>
  <testcase classname="NegativeTests.NegativeTestForGetBookingDetails" name="getBooking_NonExistingId_ShouldReturn404" time="0.566"/>
</testsuite> <!-- NegativeTests.NegativeTestForGetBookingDetails -->
