<?xml version="1.0" encoding="UTF-8"?>
<!-- Generated by org.testng.reporters.JUnitReportReporter -->
<testsuite hostname="nazmusnafis" failures="0" tests="1" name="test.java.UpdateBooking" time="2.231" errors="0" timestamp="2025-06-26T00:04:41 CEST" skipped="0">
  <testcase classname="test.java.UpdateBooking" name="updateAllBookings" time="2.231"/>
</testsuite> <!-- test.java.UpdateBooking -->
