<?xml version="1.0" encoding="UTF-8"?>
<!-- Generated by org.testng.reporters.JUnitReportReporter -->
<testsuite hostname="nazmusnafis" failures="0" tests="2" name="test.java.NegativeTestForGetBookingDetails" time="1.092" errors="0" timestamp="2025-06-26T00:04:41 CEST" skipped="0">
  <testcase classname="test.java.NegativeTestForGetBookingDetails" name="getBooking_InvalidIdFormat_ShouldReturn404" time="0.550"/>
  <testcase classname="test.java.NegativeTestForGetBookingDetails" name="getBooking_NonExistingId_ShouldReturn404" time="0.542"/>
</testsuite> <!-- test.java.NegativeTestForGetBookingDetails -->
