<?xml version="1.0" encoding="UTF-8"?>
<!-- Generated by org.testng.reporters.JUnitReportReporter -->
<testsuite hostname="nazmusnafis" failures="0" tests="3" name="NegativeTests.NegativeTestsForDeleteBooking" time="3.025" errors="0" timestamp="2025-06-25T23:30:47 CEST" skipped="0">
  <testcase classname="NegativeTests.NegativeTestsForDeleteBooking" name="deleteBooking_InvalidId_ShouldReturn404" time="1.322"/>
  <testcase classname="NegativeTests.NegativeTestsForDeleteBooking" name="deleteBooking_WithoutToken_ShouldFail" time="0.570"/>
  <testcase classname="NegativeTests.NegativeTestsForDeleteBooking" name="deleteBooking_Twice_ShouldFailSecondTime" time="1.133"/>
</testsuite> <!-- NegativeTests.NegativeTestsForDeleteBooking -->
