<?xml version="1.0" encoding="UTF-8"?>
<!-- Generated by org.testng.reporters.JUnitReportReporter -->
<testsuite hostname="nazmusnafis" failures="0" tests="2" name="test.java.NegativeTestsForUpdateBooking" time="1.087" errors="0" timestamp="2025-06-26T00:04:41 CEST" skipped="0">
  <testcase classname="test.java.NegativeTestsForUpdateBooking" name="partialUpdateWithInvalidJson" time="0.544"/>
  <testcase classname="test.java.NegativeTestsForUpdateBooking" name="partialUpdateWithoutToken" time="0.543"/>
</testsuite> <!-- test.java.NegativeTestsForUpdateBooking -->
