<?xml version="1.0" encoding="UTF-8"?>
<!-- Generated by org.testng.reporters.JUnitReportReporter -->
<testsuite hostname="nazmusnafis" failures="0" tests="3" name="test.java.NegativeTestsForCreateToken" time="1.635" errors="0" timestamp="2025-06-26T00:04:41 CEST" skipped="0">
  <testcase classname="test.java.NegativeTestsForCreateToken" name="createToken_InvalidPassword_ShouldFail" time="0.546"/>
  <testcase classname="test.java.NegativeTestsForCreateToken" name="createToken_InvalidUsername_ShouldReturn403" time="0.542"/>
  <testcase classname="test.java.NegativeTestsForCreateToken" name="createToken_MissingPassword_ShouldReturnError" time="0.547"/>
</testsuite> <!-- test.java.NegativeTestsForCreateToken -->
